[2018-09-19 19:17:18,192]-[urls.py]-[line:33]-[<module>]-[WARNING]: [include failed]-[corsheaders.views]-[No module named 'corsheaders.views']
[2018-09-19 19:17:18,193]-[urls.py]-[line:33]-[<module>]-[WARNING]: [include failed]-[CacheHelper.views]-[No module named 'CacheHelper']
[2018-09-19 19:17:18,990]-[WareHelper.py]-[line:6]-[process_request]-[INFO]: [localhost]-[/index/]-[GET]
[2018-09-19 19:17:19,003]-[WareHelper.py]-[line:15]-[process_response]-[INFO]: [localhost]-[/index/]-[200]
[2018-09-19 19:17:19,037]-[WareHelper.py]-[line:6]-[process_request]-[INFO]: [localhost]-[/favicon.ico]-[GET]
[2018-09-19 19:17:19,047]-[WareHelper.py]-[line:15]-[process_response]-[INFO]: [localhost]-[/favicon.ico]-[404]
[2018-09-19 19:17:19,901]-[WareHelper.py]-[line:6]-[process_request]-[INFO]: [localhost]-[/index/]-[GET]
[2018-09-19 19:17:19,909]-[WareHelper.py]-[line:15]-[process_response]-[INFO]: [localhost]-[/index/]-[200]
[2018-09-19 19:17:19,951]-[WareHelper.py]-[line:6]-[process_request]-[INFO]: [localhost]-[/favicon.ico]-[GET]
[2018-09-19 19:17:19,957]-[WareHelper.py]-[line:15]-[process_response]-[INFO]: [localhost]-[/favicon.ico]-[404]
[2018-09-19 19:17:20,708]-[WareHelper.py]-[line:6]-[process_request]-[INFO]: [localhost]-[/index/]-[GET]
[2018-09-19 19:17:20,725]-[WareHelper.py]-[line:15]-[process_response]-[INFO]: [localhost]-[/index/]-[200]
[2018-09-19 19:17:20,764]-[WareHelper.py]-[line:6]-[process_request]-[INFO]: [localhost]-[/favicon.ico]-[GET]
[2018-09-19 19:17:20,770]-[WareHelper.py]-[line:15]-[process_response]-[INFO]: [localhost]-[/favicon.ico]-[404]
[2018-09-19 19:17:21,092]-[WareHelper.py]-[line:6]-[process_request]-[INFO]: [localhost]-[/index/]-[GET]
[2018-09-19 19:17:21,108]-[WareHelper.py]-[line:15]-[process_response]-[INFO]: [localhost]-[/index/]-[200]
[2018-09-19 19:17:21,141]-[WareHelper.py]-[line:6]-[process_request]-[INFO]: [localhost]-[/favicon.ico]-[GET]
[2018-09-19 19:17:21,148]-[WareHelper.py]-[line:15]-[process_response]-[INFO]: [localhost]-[/favicon.ico]-[404]
[2018-09-19 19:17:22,767]-[WareHelper.py]-[line:6]-[process_request]-[INFO]: [localhost]-[/index/abc]-[GET]
[2018-09-19 19:17:22,778]-[WareHelper.py]-[line:15]-[process_response]-[INFO]: [localhost]-[/index/abc]-[404]
[2018-09-19 19:17:22,821]-[WareHelper.py]-[line:6]-[process_request]-[INFO]: [localhost]-[/favicon.ico]-[GET]
[2018-09-19 19:17:22,827]-[WareHelper.py]-[line:15]-[process_response]-[INFO]: [localhost]-[/favicon.ico]-[404]
[2018-09-19 19:17:25,035]-[WareHelper.py]-[line:6]-[process_request]-[INFO]: [localhost]-[/index/]-[GET]
[2018-09-19 19:17:25,061]-[WareHelper.py]-[line:15]-[process_response]-[INFO]: [localhost]-[/index/]-[200]
[2018-09-19 19:17:25,098]-[WareHelper.py]-[line:6]-[process_request]-[INFO]: [localhost]-[/favicon.ico]-[GET]
[2018-09-19 19:17:25,106]-[WareHelper.py]-[line:15]-[process_response]-[INFO]: [localhost]-[/favicon.ico]-[404]
[2018-09-19 19:17:29,752]-[urls.py]-[line:33]-[<module>]-[WARNING]: [include failed]-[corsheaders.views]-[No module named 'corsheaders.views']
[2018-09-19 19:17:29,753]-[urls.py]-[line:33]-[<module>]-[WARNING]: [include failed]-[CacheHelper.views]-[No module named 'CacheHelper']
[2018-09-19 19:17:31,174]-[WareHelper.py]-[line:6]-[process_request]-[INFO]: [localhost]-[/index/]-[GET]
[2018-09-19 19:17:31,188]-[WareHelper.py]-[line:15]-[process_response]-[INFO]: [localhost]-[/index/]-[200]
[2018-09-19 19:17:31,234]-[WareHelper.py]-[line:6]-[process_request]-[INFO]: [localhost]-[/favicon.ico]-[GET]
[2018-09-19 19:17:31,243]-[WareHelper.py]-[line:15]-[process_response]-[INFO]: [localhost]-[/favicon.ico]-[404]
[2018-09-19 19:17:31,701]-[WareHelper.py]-[line:6]-[process_request]-[INFO]: [localhost]-[/index/]-[GET]
[2018-09-19 19:17:31,706]-[WareHelper.py]-[line:15]-[process_response]-[INFO]: [localhost]-[/index/]-[200]
[2018-09-19 19:17:31,746]-[WareHelper.py]-[line:6]-[process_request]-[INFO]: [localhost]-[/favicon.ico]-[GET]
[2018-09-19 19:17:31,751]-[WareHelper.py]-[line:15]-[process_response]-[INFO]: [localhost]-[/favicon.ico]-[404]
[2018-09-19 19:17:32,104]-[WareHelper.py]-[line:6]-[process_request]-[INFO]: [localhost]-[/index/]-[GET]
[2018-09-19 19:17:32,118]-[WareHelper.py]-[line:15]-[process_response]-[INFO]: [localhost]-[/index/]-[200]
[2018-09-19 19:17:32,154]-[WareHelper.py]-[line:6]-[process_request]-[INFO]: [localhost]-[/favicon.ico]-[GET]
[2018-09-19 19:17:32,161]-[WareHelper.py]-[line:15]-[process_response]-[INFO]: [localhost]-[/favicon.ico]-[404]
[2018-09-19 19:17:32,431]-[WareHelper.py]-[line:6]-[process_request]-[INFO]: [localhost]-[/index/]-[GET]
[2018-09-19 19:17:32,440]-[WareHelper.py]-[line:15]-[process_response]-[INFO]: [localhost]-[/index/]-[200]
[2018-09-19 19:17:32,472]-[WareHelper.py]-[line:6]-[process_request]-[INFO]: [localhost]-[/favicon.ico]-[GET]
[2018-09-19 19:17:32,478]-[WareHelper.py]-[line:15]-[process_response]-[INFO]: [localhost]-[/favicon.ico]-[404]
[2018-09-19 19:17:32,614]-[WareHelper.py]-[line:6]-[process_request]-[INFO]: [localhost]-[/index/]-[GET]
[2018-09-19 19:17:32,619]-[WareHelper.py]-[line:15]-[process_response]-[INFO]: [localhost]-[/index/]-[200]
[2018-09-19 19:17:32,650]-[WareHelper.py]-[line:6]-[process_request]-[INFO]: [localhost]-[/favicon.ico]-[GET]
[2018-09-19 19:17:32,657]-[WareHelper.py]-[line:15]-[process_response]-[INFO]: [localhost]-[/favicon.ico]-[404]
[2018-09-19 19:17:32,788]-[WareHelper.py]-[line:6]-[process_request]-[INFO]: [localhost]-[/index/]-[GET]
[2018-09-19 19:17:32,796]-[WareHelper.py]-[line:15]-[process_response]-[INFO]: [localhost]-[/index/]-[200]
[2018-09-19 19:17:32,823]-[WareHelper.py]-[line:6]-[process_request]-[INFO]: [localhost]-[/favicon.ico]-[GET]
[2018-09-19 19:17:32,829]-[WareHelper.py]-[line:15]-[process_response]-[INFO]: [localhost]-[/favicon.ico]-[404]
[2018-09-19 19:17:32,952]-[WareHelper.py]-[line:6]-[process_request]-[INFO]: [localhost]-[/index/]-[GET]
[2018-09-19 19:17:32,957]-[WareHelper.py]-[line:15]-[process_response]-[INFO]: [localhost]-[/index/]-[200]
[2018-09-19 19:17:32,986]-[WareHelper.py]-[line:6]-[process_request]-[INFO]: [localhost]-[/favicon.ico]-[GET]
[2018-09-19 19:17:32,992]-[WareHelper.py]-[line:15]-[process_response]-[INFO]: [localhost]-[/favicon.ico]-[404]
[2018-09-19 19:17:33,395]-[WareHelper.py]-[line:6]-[process_request]-[INFO]: [localhost]-[/index/]-[GET]
[2018-09-19 19:17:33,411]-[WareHelper.py]-[line:15]-[process_response]-[INFO]: [localhost]-[/index/]-[200]
[2018-09-19 19:17:33,454]-[WareHelper.py]-[line:6]-[process_request]-[INFO]: [localhost]-[/favicon.ico]-[GET]
[2018-09-19 19:17:33,461]-[WareHelper.py]-[line:15]-[process_response]-[INFO]: [localhost]-[/favicon.ico]-[404]
