[2018-09-19 19:25:02,301]-[urls.py]-[line:33]-[<module>]-[WARNING]: [include failed]-[corsheaders.views]-[No module named 'corsheaders.views']
[2018-09-19 19:25:02,302]-[urls.py]-[line:33]-[<module>]-[WARNING]: [include failed]-[CacheHelper.views]-[No module named 'CacheHelper']
[2018-09-19 19:25:03,310]-[WareHelper.py]-[line:6]-[process_request]-[INFO]: [localhost]-[/shop/shop]-[GET]
[2018-09-19 19:25:03,319]-[WareHelper.py]-[line:15]-[process_response]-[INFO]: [localhost]-[/shop/shop]-[404]
[2018-09-19 19:25:03,355]-[WareHelper.py]-[line:6]-[process_request]-[INFO]: [localhost]-[/favicon.ico]-[GET]
[2018-09-19 19:25:03,361]-[WareHelper.py]-[line:15]-[process_response]-[INFO]: [localhost]-[/favicon.ico]-[404]
[2018-09-19 19:25:06,044]-[WareHelper.py]-[line:6]-[process_request]-[INFO]: [localhost]-[/shop/a]-[GET]
[2018-09-19 19:25:06,050]-[WareHelper.py]-[line:15]-[process_response]-[INFO]: [localhost]-[/shop/a]-[404]
[2018-09-19 19:25:06,087]-[WareHelper.py]-[line:6]-[process_request]-[INFO]: [localhost]-[/favicon.ico]-[GET]
[2018-09-19 19:25:06,093]-[WareHelper.py]-[line:15]-[process_response]-[INFO]: [localhost]-[/favicon.ico]-[404]
[2018-09-19 19:25:07,970]-[WareHelper.py]-[line:6]-[process_request]-[INFO]: [localhost]-[/shop]-[GET]
[2018-09-19 19:25:07,984]-[WareHelper.py]-[line:15]-[process_response]-[INFO]: [localhost]-[/shop]-[404]
[2018-09-19 19:25:08,036]-[WareHelper.py]-[line:6]-[process_request]-[INFO]: [localhost]-[/favicon.ico]-[GET]
[2018-09-19 19:25:08,043]-[WareHelper.py]-[line:15]-[process_response]-[INFO]: [localhost]-[/favicon.ico]-[404]
[2018-09-19 19:25:11,749]-[WareHelper.py]-[line:6]-[process_request]-[INFO]: [localhost]-[/shop/a]-[GET]
[2018-09-19 19:25:11,754]-[WareHelper.py]-[line:15]-[process_response]-[INFO]: [localhost]-[/shop/a]-[404]
[2018-09-19 19:25:11,787]-[WareHelper.py]-[line:6]-[process_request]-[INFO]: [localhost]-[/favicon.ico]-[GET]
[2018-09-19 19:25:11,793]-[WareHelper.py]-[line:15]-[process_response]-[INFO]: [localhost]-[/favicon.ico]-[404]
[2018-09-19 19:25:15,658]-[WareHelper.py]-[line:6]-[process_request]-[INFO]: [localhost]-[/]-[GET]
[2018-09-19 19:25:15,666]-[WareHelper.py]-[line:15]-[process_response]-[INFO]: [localhost]-[/]-[404]
[2018-09-19 19:25:15,701]-[WareHelper.py]-[line:6]-[process_request]-[INFO]: [localhost]-[/favicon.ico]-[GET]
[2018-09-19 19:25:15,708]-[WareHelper.py]-[line:15]-[process_response]-[INFO]: [localhost]-[/favicon.ico]-[404]
[2018-09-19 19:25:18,832]-[WareHelper.py]-[line:6]-[process_request]-[INFO]: [localhost]-[/shop]-[GET]
[2018-09-19 19:25:18,842]-[WareHelper.py]-[line:15]-[process_response]-[INFO]: [localhost]-[/shop]-[404]
[2018-09-19 19:25:18,877]-[WareHelper.py]-[line:6]-[process_request]-[INFO]: [localhost]-[/favicon.ico]-[GET]
[2018-09-19 19:25:18,883]-[WareHelper.py]-[line:15]-[process_response]-[INFO]: [localhost]-[/favicon.ico]-[404]
[2018-09-19 19:25:23,412]-[WareHelper.py]-[line:6]-[process_request]-[INFO]: [localhost]-[/shop/]-[GET]
[2018-09-19 19:25:23,421]-[WareHelper.py]-[line:15]-[process_response]-[INFO]: [localhost]-[/shop/]-[404]
[2018-09-19 19:25:23,461]-[WareHelper.py]-[line:6]-[process_request]-[INFO]: [localhost]-[/favicon.ico]-[GET]
[2018-09-19 19:25:23,467]-[WareHelper.py]-[line:15]-[process_response]-[INFO]: [localhost]-[/favicon.ico]-[404]
[2018-09-19 19:25:25,354]-[WareHelper.py]-[line:6]-[process_request]-[INFO]: [localhost]-[/shop/a]-[GET]
[2018-09-19 19:25:25,367]-[WareHelper.py]-[line:15]-[process_response]-[INFO]: [localhost]-[/shop/a]-[404]
[2018-09-19 19:25:25,410]-[WareHelper.py]-[line:6]-[process_request]-[INFO]: [localhost]-[/favicon.ico]-[GET]
[2018-09-19 19:25:25,417]-[WareHelper.py]-[line:15]-[process_response]-[INFO]: [localhost]-[/favicon.ico]-[404]
[2018-09-19 19:25:38,872]-[urls.py]-[line:33]-[<module>]-[WARNING]: [include failed]-[corsheaders.views]-[No module named 'corsheaders.views']
[2018-09-19 19:25:38,873]-[urls.py]-[line:33]-[<module>]-[WARNING]: [include failed]-[CacheHelper.views]-[No module named 'CacheHelper']
[2018-09-19 19:25:41,607]-[WareHelper.py]-[line:6]-[process_request]-[INFO]: [localhost]-[/shop]-[GET]
[2018-09-19 19:25:41,618]-[WareHelper.py]-[line:15]-[process_response]-[INFO]: [localhost]-[/shop]-[404]
[2018-09-19 19:25:41,648]-[WareHelper.py]-[line:6]-[process_request]-[INFO]: [localhost]-[/favicon.ico]-[GET]
[2018-09-19 19:25:41,654]-[WareHelper.py]-[line:15]-[process_response]-[INFO]: [localhost]-[/favicon.ico]-[404]
[2018-09-19 19:25:44,787]-[WareHelper.py]-[line:6]-[process_request]-[INFO]: [localhost]-[/shop/shop]-[GET]
[2018-09-19 19:25:44,803]-[WareHelper.py]-[line:15]-[process_response]-[INFO]: [localhost]-[/shop/shop]-[200]
[2018-09-19 19:25:44,864]-[WareHelper.py]-[line:6]-[process_request]-[INFO]: [localhost]-[/favicon.ico]-[GET]
[2018-09-19 19:25:44,870]-[WareHelper.py]-[line:15]-[process_response]-[INFO]: [localhost]-[/favicon.ico]-[404]
[2018-09-19 19:25:46,472]-[WareHelper.py]-[line:6]-[process_request]-[INFO]: [localhost]-[/shop/shop/a]-[GET]
[2018-09-19 19:25:46,475]-[WareHelper.py]-[line:12]-[process_exception]-[ERROR]: [localhost]-[/shop/shop/a]-[argument of type 'NoneType' is not iterable]
[2018-09-19 19:25:46,587]-[WareHelper.py]-[line:15]-[process_response]-[INFO]: [localhost]-[/shop/shop/a]-[500]
[2018-09-19 19:25:46,657]-[WareHelper.py]-[line:6]-[process_request]-[INFO]: [localhost]-[/favicon.ico]-[GET]
[2018-09-19 19:25:46,663]-[WareHelper.py]-[line:15]-[process_response]-[INFO]: [localhost]-[/favicon.ico]-[404]
[2018-09-19 19:25:50,588]-[WareHelper.py]-[line:6]-[process_request]-[INFO]: [localhost]-[/shop/shop/a]-[GET]
[2018-09-19 19:25:51,870]-[WareHelper.py]-[line:12]-[process_exception]-[ERROR]: [localhost]-[/shop/shop/a]-[argument of type 'NoneType' is not iterable]
[2018-09-19 19:25:51,981]-[WareHelper.py]-[line:15]-[process_response]-[INFO]: [localhost]-[/shop/shop/a]-[500]
[2018-09-19 19:25:52,051]-[WareHelper.py]-[line:6]-[process_request]-[INFO]: [localhost]-[/favicon.ico]-[GET]
[2018-09-19 19:25:52,058]-[WareHelper.py]-[line:15]-[process_response]-[INFO]: [localhost]-[/favicon.ico]-[404]
