[2018-09-20 21:17:54,206]-[urls.py]-[line:33]-[<module>]-[WARNING]: [include failed]-[corsheaders.views]-[No module named 'corsheaders.views']
[2018-09-20 21:17:54,207]-[urls.py]-[line:33]-[<module>]-[WARNING]: [include failed]-[CacheHelper.views]-[No module named 'CacheHelper']
[2018-09-20 21:17:55,348]-[WareHelper.py]-[line:6]-[process_request]-[INFO]: [localhost]-[/index/]-[GET]
[2018-09-20 21:17:55,362]-[WareHelper.py]-[line:15]-[process_response]-[INFO]: [localhost]-[/index/]-[200]
[2018-09-20 21:17:55,407]-[WareHelper.py]-[line:6]-[process_request]-[INFO]: [localhost]-[/favicon.ico]-[GET]
[2018-09-20 21:17:55,415]-[WareHelper.py]-[line:15]-[process_response]-[INFO]: [localhost]-[/favicon.ico]-[404]
[2018-09-20 21:18:01,532]-[WareHelper.py]-[line:6]-[process_request]-[INFO]: [localhost]-[/shop/login]-[GET]
[2018-09-20 21:18:01,539]-[WareHelper.py]-[line:15]-[process_response]-[INFO]: [localhost]-[/shop/login]-[200]
[2018-09-20 21:18:01,585]-[WareHelper.py]-[line:6]-[process_request]-[INFO]: [localhost]-[/favicon.ico]-[GET]
[2018-09-20 21:18:01,592]-[WareHelper.py]-[line:15]-[process_response]-[INFO]: [localhost]-[/favicon.ico]-[404]
[2018-09-20 21:18:02,681]-[WareHelper.py]-[line:6]-[process_request]-[INFO]: [localhost]-[/shop/LoginSystem?username=&password=]-[GET]
[2018-09-20 21:18:02,683]-[WareHelper.py]-[line:15]-[process_response]-[INFO]: [localhost]-[/shop/LoginSystem]-[200]
[2018-09-20 21:18:02,723]-[WareHelper.py]-[line:6]-[process_request]-[INFO]: [localhost]-[/favicon.ico]-[GET]
[2018-09-20 21:18:02,730]-[WareHelper.py]-[line:15]-[process_response]-[INFO]: [localhost]-[/favicon.ico]-[404]
[2018-09-20 21:18:06,376]-[WareHelper.py]-[line:6]-[process_request]-[INFO]: [localhost]-[/shop/LoginSystem?username=sell1&password=]-[GET]
[2018-09-20 21:18:06,384]-[WareHelper.py]-[line:15]-[process_response]-[INFO]: [localhost]-[/shop/LoginSystem]-[200]
[2018-09-20 21:18:06,701]-[WareHelper.py]-[line:6]-[process_request]-[INFO]: [localhost]-[/shop/QueryGoodsList]-[GET]
[2018-09-20 21:18:10,310]-[WareHelper.py]-[line:12]-[process_exception]-[ERROR]: [localhost]-[/shop/QueryGoodsList]-['ShopController' object has no attribute 'ListToJson']
[2018-09-20 21:18:10,363]-[WareHelper.py]-[line:15]-[process_response]-[INFO]: [localhost]-[/shop/QueryGoodsList]-[500]
[2018-09-20 21:18:10,369]-[WareHelper.py]-[line:6]-[process_request]-[INFO]: [localhost]-[/favicon.ico]-[GET]
[2018-09-20 21:18:10,376]-[WareHelper.py]-[line:15]-[process_response]-[INFO]: [localhost]-[/favicon.ico]-[404]
