[2018-09-19 19:27:05,786]-[urls.py]-[line:33]-[<module>]-[WARNING]: [include failed]-[corsheaders.views]-[No module named 'corsheaders.views']
[2018-09-19 19:27:05,787]-[urls.py]-[line:33]-[<module>]-[WARNING]: [include failed]-[CacheHelper.views]-[No module named 'CacheHelper']
[2018-09-19 19:27:06,750]-[WareHelper.py]-[line:6]-[process_request]-[INFO]: [localhost]-[/shop/shop/a]-[GET]
[2018-09-19 19:27:06,761]-[WareHelper.py]-[line:15]-[process_response]-[INFO]: [localhost]-[/shop/shop/a]-[404]
[2018-09-19 19:27:06,798]-[WareHelper.py]-[line:6]-[process_request]-[INFO]: [localhost]-[/favicon.ico]-[GET]
[2018-09-19 19:27:06,804]-[WareHelper.py]-[line:15]-[process_response]-[INFO]: [localhost]-[/favicon.ico]-[404]
[2018-09-19 19:27:07,622]-[WareHelper.py]-[line:6]-[process_request]-[INFO]: [localhost]-[/shop/shop/a]-[GET]
[2018-09-19 19:27:07,632]-[WareHelper.py]-[line:15]-[process_response]-[INFO]: [localhost]-[/shop/shop/a]-[404]
[2018-09-19 19:27:07,672]-[WareHelper.py]-[line:6]-[process_request]-[INFO]: [localhost]-[/favicon.ico]-[GET]
[2018-09-19 19:27:07,678]-[WareHelper.py]-[line:15]-[process_response]-[INFO]: [localhost]-[/favicon.ico]-[404]
[2018-09-19 19:27:11,304]-[WareHelper.py]-[line:6]-[process_request]-[INFO]: [localhost]-[/]-[GET]
[2018-09-19 19:27:11,315]-[WareHelper.py]-[line:15]-[process_response]-[INFO]: [localhost]-[/]-[404]
[2018-09-19 19:27:11,349]-[WareHelper.py]-[line:6]-[process_request]-[INFO]: [localhost]-[/favicon.ico]-[GET]
[2018-09-19 19:27:11,355]-[WareHelper.py]-[line:15]-[process_response]-[INFO]: [localhost]-[/favicon.ico]-[404]
[2018-09-19 19:27:14,450]-[WareHelper.py]-[line:6]-[process_request]-[INFO]: [localhost]-[/index/]-[GET]
[2018-09-19 19:27:14,469]-[WareHelper.py]-[line:15]-[process_response]-[INFO]: [localhost]-[/index/]-[200]
[2018-09-19 19:27:14,512]-[WareHelper.py]-[line:6]-[process_request]-[INFO]: [localhost]-[/favicon.ico]-[GET]
[2018-09-19 19:27:14,519]-[WareHelper.py]-[line:15]-[process_response]-[INFO]: [localhost]-[/favicon.ico]-[404]
[2018-09-19 19:27:20,542]-[WareHelper.py]-[line:6]-[process_request]-[INFO]: [localhost]-[/shop/login]-[GET]
[2018-09-19 19:27:20,557]-[WareHelper.py]-[line:15]-[process_response]-[INFO]: [localhost]-[/shop/login]-[200]
[2018-09-19 19:27:20,621]-[WareHelper.py]-[line:6]-[process_request]-[INFO]: [localhost]-[/favicon.ico]-[GET]
[2018-09-19 19:27:20,628]-[WareHelper.py]-[line:15]-[process_response]-[INFO]: [localhost]-[/favicon.ico]-[404]
[2018-09-19 19:27:24,204]-[WareHelper.py]-[line:6]-[process_request]-[INFO]: [localhost]-[/shop/LoginSystem]-[GET]
[2018-09-19 19:27:26,316]-[WareHelper.py]-[line:12]-[process_exception]-[ERROR]: [localhost]-[/shop/LoginSystem]-[argument of type 'NoneType' is not iterable]
[2018-09-19 19:27:26,427]-[WareHelper.py]-[line:15]-[process_response]-[INFO]: [localhost]-[/shop/LoginSystem]-[500]
[2018-09-19 19:27:26,493]-[WareHelper.py]-[line:6]-[process_request]-[INFO]: [localhost]-[/favicon.ico]-[GET]
[2018-09-19 19:27:26,499]-[WareHelper.py]-[line:15]-[process_response]-[INFO]: [localhost]-[/favicon.ico]-[404]
[2018-09-19 19:27:39,743]-[WareHelper.py]-[line:6]-[process_request]-[INFO]: [localhost]-[/shop/LoginSystem]-[GET]
[2018-09-19 19:27:40,749]-[WareHelper.py]-[line:12]-[process_exception]-[ERROR]: [localhost]-[/shop/LoginSystem]-[argument of type 'NoneType' is not iterable]
[2018-09-19 19:27:40,857]-[WareHelper.py]-[line:15]-[process_response]-[INFO]: [localhost]-[/shop/LoginSystem]-[500]
[2018-09-19 19:27:40,915]-[WareHelper.py]-[line:6]-[process_request]-[INFO]: [localhost]-[/favicon.ico]-[GET]
[2018-09-19 19:27:40,921]-[WareHelper.py]-[line:15]-[process_response]-[INFO]: [localhost]-[/favicon.ico]-[404]
[2018-09-19 19:27:42,454]-[WareHelper.py]-[line:6]-[process_request]-[INFO]: [localhost]-[/favicon.ico]-[GET]
[2018-09-19 19:27:42,461]-[WareHelper.py]-[line:15]-[process_response]-[INFO]: [localhost]-[/favicon.ico]-[404]
[2018-09-19 19:27:44,576]-[WareHelper.py]-[line:6]-[process_request]-[INFO]: [localhost]-[/shop/LoginSystem]-[GET]
[2018-09-19 19:27:49,372]-[WareHelper.py]-[line:12]-[process_exception]-[ERROR]: [localhost]-[/shop/LoginSystem]-[argument of type 'NoneType' is not iterable]
[2018-09-19 19:27:49,490]-[WareHelper.py]-[line:15]-[process_response]-[INFO]: [localhost]-[/shop/LoginSystem]-[500]
[2018-09-19 19:27:49,579]-[WareHelper.py]-[line:6]-[process_request]-[INFO]: [localhost]-[/favicon.ico]-[GET]
[2018-09-19 19:27:49,587]-[WareHelper.py]-[line:15]-[process_response]-[INFO]: [localhost]-[/favicon.ico]-[404]
[2018-09-19 19:28:15,330]-[WareHelper.py]-[line:6]-[process_request]-[INFO]: [localhost]-[/shop/LoginSystem]-[GET]
[2018-09-19 19:28:16,869]-[WareHelper.py]-[line:12]-[process_exception]-[ERROR]: [localhost]-[/shop/LoginSystem]-[argument of type 'NoneType' is not iterable]
[2018-09-19 19:28:16,975]-[WareHelper.py]-[line:15]-[process_response]-[INFO]: [localhost]-[/shop/LoginSystem]-[500]
[2018-09-19 19:28:17,013]-[WareHelper.py]-[line:6]-[process_request]-[INFO]: [localhost]-[/shop/login]-[GET]
[2018-09-19 19:28:17,020]-[WareHelper.py]-[line:15]-[process_response]-[INFO]: [localhost]-[/shop/login]-[200]
[2018-09-19 19:28:17,080]-[WareHelper.py]-[line:6]-[process_request]-[INFO]: [localhost]-[/favicon.ico]-[GET]
[2018-09-19 19:28:17,085]-[WareHelper.py]-[line:15]-[process_response]-[INFO]: [localhost]-[/favicon.ico]-[404]
[2018-09-19 19:28:17,877]-[WareHelper.py]-[line:6]-[process_request]-[INFO]: [localhost]-[/shop/LoginSystem?username=&password=]-[GET]
[2018-09-19 19:28:21,197]-[WareHelper.py]-[line:15]-[process_response]-[INFO]: [localhost]-[/shop/LoginSystem]-[500]
[2018-09-19 19:28:21,269]-[WareHelper.py]-[line:6]-[process_request]-[INFO]: [localhost]-[/favicon.ico]-[GET]
[2018-09-19 19:28:21,274]-[WareHelper.py]-[line:15]-[process_response]-[INFO]: [localhost]-[/favicon.ico]-[404]
[2018-09-19 19:28:30,638]-[WareHelper.py]-[line:6]-[process_request]-[INFO]: [localhost]-[/favicon.ico]-[GET]
[2018-09-19 19:28:30,644]-[WareHelper.py]-[line:15]-[process_response]-[INFO]: [localhost]-[/favicon.ico]-[404]
[2018-09-19 19:28:31,536]-[WareHelper.py]-[line:6]-[process_request]-[INFO]: [localhost]-[/shop/LoginSystem?username=&password=]-[GET]
[2018-09-19 19:28:32,635]-[WareHelper.py]-[line:15]-[process_response]-[INFO]: [localhost]-[/shop/LoginSystem]-[500]
[2018-09-19 19:28:32,703]-[WareHelper.py]-[line:6]-[process_request]-[INFO]: [localhost]-[/favicon.ico]-[GET]
[2018-09-19 19:28:32,709]-[WareHelper.py]-[line:15]-[process_response]-[INFO]: [localhost]-[/favicon.ico]-[404]
