[2018-09-19 19:13:38,128]-[urls.py]-[line:33]-[<module>]-[WARNING]: [include failed]-[corsheaders.views]-[No module named 'corsheaders.views']
[2018-09-19 19:13:38,129]-[urls.py]-[line:33]-[<module>]-[WARNING]: [include failed]-[CacheHelper.views]-[No module named 'CacheHelper']
[2018-09-19 19:13:39,214]-[WareHelper.py]-[line:6]-[process_request]-[INFO]: [localhost]-[/login.html]-[GET]
[2018-09-19 19:13:39,223]-[WareHelper.py]-[line:15]-[process_response]-[INFO]: [localhost]-[/login.html]-[404]
[2018-09-19 19:13:39,261]-[WareHelper.py]-[line:6]-[process_request]-[INFO]: [localhost]-[/favicon.ico]-[GET]
[2018-09-19 19:13:39,268]-[WareHelper.py]-[line:15]-[process_response]-[INFO]: [localhost]-[/favicon.ico]-[404]
[2018-09-19 19:13:39,724]-[WareHelper.py]-[line:6]-[process_request]-[INFO]: [localhost]-[/login.html]-[GET]
[2018-09-19 19:13:39,730]-[WareHelper.py]-[line:15]-[process_response]-[INFO]: [localhost]-[/login.html]-[404]
[2018-09-19 19:13:39,763]-[WareHelper.py]-[line:6]-[process_request]-[INFO]: [localhost]-[/favicon.ico]-[GET]
[2018-09-19 19:13:39,768]-[WareHelper.py]-[line:15]-[process_response]-[INFO]: [localhost]-[/favicon.ico]-[404]
[2018-09-19 19:13:40,134]-[WareHelper.py]-[line:6]-[process_request]-[INFO]: [localhost]-[/login.html]-[GET]
[2018-09-19 19:13:40,149]-[WareHelper.py]-[line:15]-[process_response]-[INFO]: [localhost]-[/login.html]-[404]
[2018-09-19 19:13:40,192]-[WareHelper.py]-[line:6]-[process_request]-[INFO]: [localhost]-[/favicon.ico]-[GET]
[2018-09-19 19:13:40,198]-[WareHelper.py]-[line:15]-[process_response]-[INFO]: [localhost]-[/favicon.ico]-[404]
[2018-09-19 19:13:40,291]-[WareHelper.py]-[line:6]-[process_request]-[INFO]: [localhost]-[/login.html]-[GET]
[2018-09-19 19:13:40,297]-[WareHelper.py]-[line:15]-[process_response]-[INFO]: [localhost]-[/login.html]-[404]
[2018-09-19 19:13:40,324]-[WareHelper.py]-[line:6]-[process_request]-[INFO]: [localhost]-[/favicon.ico]-[GET]
[2018-09-19 19:13:40,330]-[WareHelper.py]-[line:15]-[process_response]-[INFO]: [localhost]-[/favicon.ico]-[404]
[2018-09-19 19:13:40,471]-[WareHelper.py]-[line:6]-[process_request]-[INFO]: [localhost]-[/login.html]-[GET]
[2018-09-19 19:13:40,478]-[WareHelper.py]-[line:15]-[process_response]-[INFO]: [localhost]-[/login.html]-[404]
[2018-09-19 19:13:40,503]-[WareHelper.py]-[line:6]-[process_request]-[INFO]: [localhost]-[/favicon.ico]-[GET]
[2018-09-19 19:13:40,510]-[WareHelper.py]-[line:15]-[process_response]-[INFO]: [localhost]-[/favicon.ico]-[404]
[2018-09-19 19:13:40,647]-[WareHelper.py]-[line:6]-[process_request]-[INFO]: [localhost]-[/login.html]-[GET]
[2018-09-19 19:13:40,653]-[WareHelper.py]-[line:15]-[process_response]-[INFO]: [localhost]-[/login.html]-[404]
[2018-09-19 19:13:40,685]-[WareHelper.py]-[line:6]-[process_request]-[INFO]: [localhost]-[/favicon.ico]-[GET]
[2018-09-19 19:13:40,691]-[WareHelper.py]-[line:15]-[process_response]-[INFO]: [localhost]-[/favicon.ico]-[404]
[2018-09-19 19:13:43,854]-[WareHelper.py]-[line:6]-[process_request]-[INFO]: [localhost]-[/shop/login.html]-[GET]
[2018-09-19 19:13:43,867]-[WareHelper.py]-[line:15]-[process_response]-[INFO]: [localhost]-[/shop/login.html]-[404]
[2018-09-19 19:13:43,918]-[WareHelper.py]-[line:6]-[process_request]-[INFO]: [localhost]-[/favicon.ico]-[GET]
[2018-09-19 19:13:43,924]-[WareHelper.py]-[line:15]-[process_response]-[INFO]: [localhost]-[/favicon.ico]-[404]
