[2018-09-19 19:10:01,184]-[urls.py]-[line:33]-[<module>]-[WARNING]: [include failed]-[corsheaders.views]-[No module named 'corsheaders.views']
[2018-09-19 19:10:01,185]-[urls.py]-[line:33]-[<module>]-[WARNING]: [include failed]-[CacheHelper.views]-[No module named 'CacheHelper']
[2018-09-19 19:10:05,488]-[WareHelper.py]-[line:6]-[process_request]-[INFO]: [localhost]-[/]-[GET]
[2018-09-19 19:10:05,497]-[WareHelper.py]-[line:15]-[process_response]-[INFO]: [localhost]-[/]-[404]
[2018-09-19 19:10:05,541]-[WareHelper.py]-[line:6]-[process_request]-[INFO]: [localhost]-[/favicon.ico]-[GET]
[2018-09-19 19:10:05,547]-[WareHelper.py]-[line:15]-[process_response]-[INFO]: [localhost]-[/favicon.ico]-[404]
[2018-09-19 19:10:12,919]-[WareHelper.py]-[line:6]-[process_request]-[INFO]: [localhost]-[/]-[GET]
[2018-09-19 19:10:12,937]-[WareHelper.py]-[line:15]-[process_response]-[INFO]: [localhost]-[/]-[404]
[2018-09-19 19:10:12,994]-[WareHelper.py]-[line:6]-[process_request]-[INFO]: [localhost]-[/index/]-[GET]
[2018-09-19 19:10:13,013]-[WareHelper.py]-[line:15]-[process_response]-[INFO]: [localhost]-[/index/]-[200]
[2018-09-19 19:10:13,047]-[WareHelper.py]-[line:6]-[process_request]-[INFO]: [localhost]-[/favicon.ico]-[GET]
[2018-09-19 19:10:13,053]-[WareHelper.py]-[line:15]-[process_response]-[INFO]: [localhost]-[/favicon.ico]-[404]
[2018-09-19 19:10:19,901]-[WareHelper.py]-[line:6]-[process_request]-[INFO]: [localhost]-[/shop/login]-[GET]
[2018-09-19 19:10:19,928]-[WareHelper.py]-[line:12]-[process_exception]-[ERROR]: [localhost]-[/shop/login]-[login.html]
[2018-09-19 19:10:20,059]-[WareHelper.py]-[line:15]-[process_response]-[INFO]: [localhost]-[/shop/login]-[500]
[2018-09-19 19:10:20,139]-[WareHelper.py]-[line:6]-[process_request]-[INFO]: [localhost]-[/favicon.ico]-[GET]
[2018-09-19 19:10:20,145]-[WareHelper.py]-[line:15]-[process_response]-[INFO]: [localhost]-[/favicon.ico]-[404]
[2018-09-19 19:10:25,139]-[WareHelper.py]-[line:6]-[process_request]-[INFO]: [localhost]-[/shop/login]-[GET]
[2018-09-19 19:10:25,143]-[WareHelper.py]-[line:12]-[process_exception]-[ERROR]: [localhost]-[/shop/login]-[login.html]
[2018-09-19 19:10:25,253]-[WareHelper.py]-[line:15]-[process_response]-[INFO]: [localhost]-[/shop/login]-[500]
[2018-09-19 19:10:25,321]-[WareHelper.py]-[line:6]-[process_request]-[INFO]: [localhost]-[/favicon.ico]-[GET]
[2018-09-19 19:10:25,328]-[WareHelper.py]-[line:15]-[process_response]-[INFO]: [localhost]-[/favicon.ico]-[404]
[2018-09-19 19:10:26,113]-[WareHelper.py]-[line:6]-[process_request]-[INFO]: [localhost]-[/favicon.ico]-[GET]
[2018-09-19 19:10:26,119]-[WareHelper.py]-[line:15]-[process_response]-[INFO]: [localhost]-[/favicon.ico]-[404]
[2018-09-19 19:10:31,688]-[WareHelper.py]-[line:6]-[process_request]-[INFO]: [localhost]-[/shop/login]-[GET]
[2018-09-19 19:10:31,691]-[WareHelper.py]-[line:12]-[process_exception]-[ERROR]: [localhost]-[/shop/login]-[login.html]
[2018-09-19 19:10:31,810]-[WareHelper.py]-[line:15]-[process_response]-[INFO]: [localhost]-[/shop/login]-[500]
[2018-09-19 19:10:31,841]-[WareHelper.py]-[line:6]-[process_request]-[INFO]: [localhost]-[/favicon.ico]-[GET]
[2018-09-19 19:10:31,846]-[WareHelper.py]-[line:15]-[process_response]-[INFO]: [localhost]-[/favicon.ico]-[404]
[2018-09-19 19:10:31,881]-[WareHelper.py]-[line:6]-[process_request]-[INFO]: [localhost]-[/favicon.ico]-[GET]
[2018-09-19 19:10:31,887]-[WareHelper.py]-[line:15]-[process_response]-[INFO]: [localhost]-[/favicon.ico]-[404]
[2018-09-19 19:10:31,912]-[WareHelper.py]-[line:6]-[process_request]-[INFO]: [localhost]-[/index/]-[GET]
[2018-09-19 19:10:31,921]-[WareHelper.py]-[line:15]-[process_response]-[INFO]: [localhost]-[/index/]-[200]
[2018-09-19 19:10:31,944]-[WareHelper.py]-[line:6]-[process_request]-[INFO]: [localhost]-[/index/]-[GET]
[2018-09-19 19:10:31,953]-[WareHelper.py]-[line:15]-[process_response]-[INFO]: [localhost]-[/index/]-[200]
[2018-09-19 19:10:31,975]-[WareHelper.py]-[line:6]-[process_request]-[INFO]: [localhost]-[/favicon.ico]-[GET]
[2018-09-19 19:10:31,980]-[WareHelper.py]-[line:15]-[process_response]-[INFO]: [localhost]-[/favicon.ico]-[404]
[2018-09-19 19:10:31,986]-[WareHelper.py]-[line:6]-[process_request]-[INFO]: [localhost]-[/shop/login]-[GET]
[2018-09-19 19:10:31,988]-[WareHelper.py]-[line:12]-[process_exception]-[ERROR]: [localhost]-[/shop/login]-[login.html]
[2018-09-19 19:10:32,090]-[WareHelper.py]-[line:15]-[process_response]-[INFO]: [localhost]-[/shop/login]-[500]
[2018-09-19 19:10:32,153]-[WareHelper.py]-[line:6]-[process_request]-[INFO]: [localhost]-[/favicon.ico]-[GET]
[2018-09-19 19:10:32,159]-[WareHelper.py]-[line:15]-[process_response]-[INFO]: [localhost]-[/favicon.ico]-[404]
