[2018-09-19 19:16:00,668]-[urls.py]-[line:33]-[<module>]-[WARNING]: [include failed]-[corsheaders.views]-[No module named 'corsheaders.views']
[2018-09-19 19:16:00,669]-[urls.py]-[line:33]-[<module>]-[WARNING]: [include failed]-[CacheHelper.views]-[No module named 'CacheHelper']
[2018-09-19 19:16:02,081]-[WareHelper.py]-[line:6]-[process_request]-[INFO]: [localhost]-[/shop/login.html]-[GET]
[2018-09-19 19:16:02,088]-[WareHelper.py]-[line:15]-[process_response]-[INFO]: [localhost]-[/shop/login.html]-[404]
[2018-09-19 19:16:02,127]-[WareHelper.py]-[line:6]-[process_request]-[INFO]: [localhost]-[/favicon.ico]-[GET]
[2018-09-19 19:16:02,134]-[WareHelper.py]-[line:15]-[process_response]-[INFO]: [localhost]-[/favicon.ico]-[404]
[2018-09-19 19:16:02,737]-[WareHelper.py]-[line:6]-[process_request]-[INFO]: [localhost]-[/shop/login.html]-[GET]
[2018-09-19 19:16:02,745]-[WareHelper.py]-[line:15]-[process_response]-[INFO]: [localhost]-[/shop/login.html]-[404]
[2018-09-19 19:16:02,781]-[WareHelper.py]-[line:6]-[process_request]-[INFO]: [localhost]-[/favicon.ico]-[GET]
[2018-09-19 19:16:02,787]-[WareHelper.py]-[line:15]-[process_response]-[INFO]: [localhost]-[/favicon.ico]-[404]
[2018-09-19 19:16:02,928]-[WareHelper.py]-[line:6]-[process_request]-[INFO]: [localhost]-[/shop/login.html]-[GET]
[2018-09-19 19:16:02,935]-[WareHelper.py]-[line:15]-[process_response]-[INFO]: [localhost]-[/shop/login.html]-[404]
[2018-09-19 19:16:02,971]-[WareHelper.py]-[line:6]-[process_request]-[INFO]: [localhost]-[/favicon.ico]-[GET]
[2018-09-19 19:16:02,978]-[WareHelper.py]-[line:15]-[process_response]-[INFO]: [localhost]-[/favicon.ico]-[404]
[2018-09-19 19:16:10,480]-[WareHelper.py]-[line:6]-[process_request]-[INFO]: [localhost]-[/shop/login]-[GET]
[2018-09-19 19:16:10,490]-[WareHelper.py]-[line:15]-[process_response]-[INFO]: [localhost]-[/shop/login]-[404]
[2018-09-19 19:16:10,542]-[WareHelper.py]-[line:6]-[process_request]-[INFO]: [localhost]-[/favicon.ico]-[GET]
[2018-09-19 19:16:10,548]-[WareHelper.py]-[line:15]-[process_response]-[INFO]: [localhost]-[/favicon.ico]-[404]
[2018-09-19 19:16:13,394]-[WareHelper.py]-[line:6]-[process_request]-[INFO]: [localhost]-[/shop/index]-[GET]
[2018-09-19 19:16:13,403]-[WareHelper.py]-[line:15]-[process_response]-[INFO]: [localhost]-[/shop/index]-[404]
[2018-09-19 19:16:13,441]-[WareHelper.py]-[line:6]-[process_request]-[INFO]: [localhost]-[/favicon.ico]-[GET]
[2018-09-19 19:16:13,448]-[WareHelper.py]-[line:15]-[process_response]-[INFO]: [localhost]-[/favicon.ico]-[404]
[2018-09-19 19:16:15,488]-[WareHelper.py]-[line:6]-[process_request]-[INFO]: [localhost]-[/shop/login]-[GET]
[2018-09-19 19:16:15,499]-[WareHelper.py]-[line:15]-[process_response]-[INFO]: [localhost]-[/shop/login]-[404]
[2018-09-19 19:16:15,537]-[WareHelper.py]-[line:6]-[process_request]-[INFO]: [localhost]-[/favicon.ico]-[GET]
[2018-09-19 19:16:15,543]-[WareHelper.py]-[line:15]-[process_response]-[INFO]: [localhost]-[/favicon.ico]-[404]
[2018-09-19 19:16:17,072]-[WareHelper.py]-[line:6]-[process_request]-[INFO]: [localhost]-[/shop/]-[GET]
[2018-09-19 19:16:17,084]-[WareHelper.py]-[line:15]-[process_response]-[INFO]: [localhost]-[/shop/]-[404]
[2018-09-19 19:16:17,125]-[WareHelper.py]-[line:6]-[process_request]-[INFO]: [localhost]-[/favicon.ico]-[GET]
[2018-09-19 19:16:17,131]-[WareHelper.py]-[line:15]-[process_response]-[INFO]: [localhost]-[/favicon.ico]-[404]
[2018-09-19 19:16:28,332]-[WareHelper.py]-[line:6]-[process_request]-[INFO]: [localhost]-[/shop/index]-[GET]
[2018-09-19 19:16:28,344]-[WareHelper.py]-[line:15]-[process_response]-[INFO]: [localhost]-[/shop/index]-[404]
[2018-09-19 19:16:28,390]-[WareHelper.py]-[line:6]-[process_request]-[INFO]: [localhost]-[/favicon.ico]-[GET]
[2018-09-19 19:16:28,395]-[WareHelper.py]-[line:15]-[process_response]-[INFO]: [localhost]-[/favicon.ico]-[404]
[2018-09-19 19:16:39,580]-[WareHelper.py]-[line:6]-[process_request]-[INFO]: [localhost]-[/shop/login]-[GET]
[2018-09-19 19:16:39,593]-[WareHelper.py]-[line:15]-[process_response]-[INFO]: [localhost]-[/shop/login]-[404]
[2018-09-19 19:16:39,643]-[WareHelper.py]-[line:6]-[process_request]-[INFO]: [localhost]-[/favicon.ico]-[GET]
[2018-09-19 19:16:39,648]-[WareHelper.py]-[line:15]-[process_response]-[INFO]: [localhost]-[/favicon.ico]-[404]
[2018-09-19 19:16:50,593]-[urls.py]-[line:33]-[<module>]-[WARNING]: [include failed]-[corsheaders.views]-[No module named 'corsheaders.views']
[2018-09-19 19:16:50,594]-[urls.py]-[line:33]-[<module>]-[WARNING]: [include failed]-[CacheHelper.views]-[No module named 'CacheHelper']
[2018-09-19 19:16:51,110]-[WareHelper.py]-[line:6]-[process_request]-[INFO]: [localhost]-[/shop/login]-[GET]
[2018-09-19 19:16:51,119]-[WareHelper.py]-[line:15]-[process_response]-[INFO]: [localhost]-[/shop/login]-[404]
[2018-09-19 19:16:51,157]-[WareHelper.py]-[line:6]-[process_request]-[INFO]: [localhost]-[/favicon.ico]-[GET]
[2018-09-19 19:16:51,164]-[WareHelper.py]-[line:15]-[process_response]-[INFO]: [localhost]-[/favicon.ico]-[404]
[2018-09-19 19:16:52,297]-[WareHelper.py]-[line:6]-[process_request]-[INFO]: [localhost]-[/shop/login]-[GET]
[2018-09-19 19:16:52,318]-[WareHelper.py]-[line:15]-[process_response]-[INFO]: [localhost]-[/shop/login]-[404]
[2018-09-19 19:16:52,365]-[WareHelper.py]-[line:6]-[process_request]-[INFO]: [localhost]-[/favicon.ico]-[GET]
[2018-09-19 19:16:52,370]-[WareHelper.py]-[line:15]-[process_response]-[INFO]: [localhost]-[/favicon.ico]-[404]
[2018-09-19 19:16:52,641]-[WareHelper.py]-[line:6]-[process_request]-[INFO]: [localhost]-[/shop/login]-[GET]
[2018-09-19 19:16:52,649]-[WareHelper.py]-[line:15]-[process_response]-[INFO]: [localhost]-[/shop/login]-[404]
[2018-09-19 19:16:52,682]-[WareHelper.py]-[line:6]-[process_request]-[INFO]: [localhost]-[/favicon.ico]-[GET]
[2018-09-19 19:16:52,689]-[WareHelper.py]-[line:15]-[process_response]-[INFO]: [localhost]-[/favicon.ico]-[404]
[2018-09-19 19:16:52,838]-[WareHelper.py]-[line:6]-[process_request]-[INFO]: [localhost]-[/shop/login]-[GET]
[2018-09-19 19:16:52,848]-[WareHelper.py]-[line:15]-[process_response]-[INFO]: [localhost]-[/shop/login]-[404]
[2018-09-19 19:16:52,885]-[WareHelper.py]-[line:6]-[process_request]-[INFO]: [localhost]-[/favicon.ico]-[GET]
[2018-09-19 19:16:52,891]-[WareHelper.py]-[line:15]-[process_response]-[INFO]: [localhost]-[/favicon.ico]-[404]
[2018-09-19 19:16:53,015]-[WareHelper.py]-[line:6]-[process_request]-[INFO]: [localhost]-[/shop/login]-[GET]
[2018-09-19 19:16:53,023]-[WareHelper.py]-[line:15]-[process_response]-[INFO]: [localhost]-[/shop/login]-[404]
[2018-09-19 19:16:53,053]-[WareHelper.py]-[line:6]-[process_request]-[INFO]: [localhost]-[/favicon.ico]-[GET]
[2018-09-19 19:16:53,060]-[WareHelper.py]-[line:15]-[process_response]-[INFO]: [localhost]-[/favicon.ico]-[404]
[2018-09-19 19:16:53,359]-[WareHelper.py]-[line:6]-[process_request]-[INFO]: [localhost]-[/shop/login]-[GET]
[2018-09-19 19:16:53,365]-[WareHelper.py]-[line:15]-[process_response]-[INFO]: [localhost]-[/shop/login]-[404]
[2018-09-19 19:16:53,396]-[WareHelper.py]-[line:6]-[process_request]-[INFO]: [localhost]-[/favicon.ico]-[GET]
[2018-09-19 19:16:53,402]-[WareHelper.py]-[line:15]-[process_response]-[INFO]: [localhost]-[/favicon.ico]-[404]
[2018-09-19 19:16:53,553]-[WareHelper.py]-[line:6]-[process_request]-[INFO]: [localhost]-[/shop/login]-[GET]
[2018-09-19 19:16:53,560]-[WareHelper.py]-[line:15]-[process_response]-[INFO]: [localhost]-[/shop/login]-[404]
[2018-09-19 19:16:53,593]-[WareHelper.py]-[line:6]-[process_request]-[INFO]: [localhost]-[/favicon.ico]-[GET]
[2018-09-19 19:16:53,599]-[WareHelper.py]-[line:15]-[process_response]-[INFO]: [localhost]-[/favicon.ico]-[404]
[2018-09-19 19:16:57,070]-[WareHelper.py]-[line:6]-[process_request]-[INFO]: [localhost]-[/index/]-[GET]
[2018-09-19 19:16:57,083]-[WareHelper.py]-[line:15]-[process_response]-[INFO]: [localhost]-[/index/]-[200]
[2018-09-19 19:16:57,124]-[WareHelper.py]-[line:6]-[process_request]-[INFO]: [localhost]-[/favicon.ico]-[GET]
[2018-09-19 19:16:57,130]-[WareHelper.py]-[line:15]-[process_response]-[INFO]: [localhost]-[/favicon.ico]-[404]
