[2018-09-19 19:18:02,725]-[urls.py]-[line:33]-[<module>]-[WARNING]: [include failed]-[corsheaders.views]-[No module named 'corsheaders.views']
[2018-09-19 19:18:02,726]-[urls.py]-[line:33]-[<module>]-[WARNING]: [include failed]-[CacheHelper.views]-[No module named 'CacheHelper']
[2018-09-19 19:18:03,931]-[WareHelper.py]-[line:6]-[process_request]-[INFO]: [localhost]-[/index/]-[GET]
[2018-09-19 19:18:03,945]-[WareHelper.py]-[line:15]-[process_response]-[INFO]: [localhost]-[/index/]-[200]
[2018-09-19 19:18:03,976]-[WareHelper.py]-[line:6]-[process_request]-[INFO]: [localhost]-[/favicon.ico]-[GET]
[2018-09-19 19:18:03,986]-[WareHelper.py]-[line:15]-[process_response]-[INFO]: [localhost]-[/favicon.ico]-[404]
[2018-09-19 19:18:04,460]-[WareHelper.py]-[line:6]-[process_request]-[INFO]: [localhost]-[/index/]-[GET]
[2018-09-19 19:18:04,465]-[WareHelper.py]-[line:15]-[process_response]-[INFO]: [localhost]-[/index/]-[200]
[2018-09-19 19:18:04,495]-[WareHelper.py]-[line:6]-[process_request]-[INFO]: [localhost]-[/favicon.ico]-[GET]
[2018-09-19 19:18:04,503]-[WareHelper.py]-[line:15]-[process_response]-[INFO]: [localhost]-[/favicon.ico]-[404]
[2018-09-19 19:18:10,717]-[WareHelper.py]-[line:6]-[process_request]-[INFO]: [localhost]-[/shop/shop]-[GET]
[2018-09-19 19:18:12,090]-[WareHelper.py]-[line:12]-[process_exception]-[ERROR]: [localhost]-[/shop/shop]-[login.html]
[2018-09-19 19:18:12,211]-[WareHelper.py]-[line:15]-[process_response]-[INFO]: [localhost]-[/shop/shop]-[500]
[2018-09-19 19:18:12,300]-[WareHelper.py]-[line:6]-[process_request]-[INFO]: [localhost]-[/favicon.ico]-[GET]
[2018-09-19 19:18:12,305]-[WareHelper.py]-[line:15]-[process_response]-[INFO]: [localhost]-[/favicon.ico]-[404]
[2018-09-19 19:18:19,518]-[WareHelper.py]-[line:6]-[process_request]-[INFO]: [localhost]-[/shop/shop]-[GET]
[2018-09-19 19:18:23,808]-[urls.py]-[line:33]-[<module>]-[WARNING]: [include failed]-[corsheaders.views]-[No module named 'corsheaders.views']
[2018-09-19 19:18:23,809]-[urls.py]-[line:33]-[<module>]-[WARNING]: [include failed]-[CacheHelper.views]-[No module named 'CacheHelper']
[2018-09-19 19:18:24,306]-[WareHelper.py]-[line:6]-[process_request]-[INFO]: [localhost]-[/shop/shop]-[GET]
[2018-09-19 19:18:25,996]-[WareHelper.py]-[line:15]-[process_response]-[INFO]: [localhost]-[/shop/shop]-[200]
[2018-09-19 19:18:26,068]-[WareHelper.py]-[line:6]-[process_request]-[INFO]: [localhost]-[/favicon.ico]-[GET]
[2018-09-19 19:18:26,076]-[WareHelper.py]-[line:15]-[process_response]-[INFO]: [localhost]-[/favicon.ico]-[404]
[2018-09-19 19:18:27,786]-[WareHelper.py]-[line:6]-[process_request]-[INFO]: [localhost]-[/shop/shop]-[GET]
[2018-09-19 19:18:27,797]-[WareHelper.py]-[line:15]-[process_response]-[INFO]: [localhost]-[/shop/shop]-[200]
[2018-09-19 19:18:27,870]-[WareHelper.py]-[line:6]-[process_request]-[INFO]: [localhost]-[/favicon.ico]-[GET]
[2018-09-19 19:18:27,876]-[WareHelper.py]-[line:15]-[process_response]-[INFO]: [localhost]-[/favicon.ico]-[404]
[2018-09-19 19:20:03,058]-[WareHelper.py]-[line:6]-[process_request]-[INFO]: [localhost]-[/shop/shop]-[GET]
[2018-09-19 19:20:03,064]-[WareHelper.py]-[line:15]-[process_response]-[INFO]: [localhost]-[/shop/shop]-[200]
[2018-09-19 19:20:03,142]-[WareHelper.py]-[line:6]-[process_request]-[INFO]: [localhost]-[/favicon.ico]-[GET]
[2018-09-19 19:20:03,148]-[WareHelper.py]-[line:15]-[process_response]-[INFO]: [localhost]-[/favicon.ico]-[404]
[2018-09-19 19:20:12,857]-[WareHelper.py]-[line:6]-[process_request]-[INFO]: [localhost]-[/shop/shop]-[GET]
[2018-09-19 19:20:12,859]-[WareHelper.py]-[line:15]-[process_response]-[INFO]: [localhost]-[/shop/shop]-[200]
[2018-09-19 19:20:12,933]-[WareHelper.py]-[line:6]-[process_request]-[INFO]: [localhost]-[/favicon.ico]-[GET]
[2018-09-19 19:20:12,939]-[WareHelper.py]-[line:15]-[process_response]-[INFO]: [localhost]-[/favicon.ico]-[404]
