[2018-09-19 19:12:00,337]-[urls.py]-[line:33]-[<module>]-[WARNING]: [include failed]-[corsheaders.views]-[No module named 'corsheaders.views']
[2018-09-19 19:12:00,338]-[urls.py]-[line:33]-[<module>]-[WARNING]: [include failed]-[CacheHelper.views]-[No module named 'CacheHelper']
[2018-09-19 19:12:01,662]-[WareHelper.py]-[line:6]-[process_request]-[INFO]: [localhost]-[/shop/login]-[GET]
[2018-09-19 19:12:01,672]-[WareHelper.py]-[line:15]-[process_response]-[INFO]: [localhost]-[/shop/login]-[404]
[2018-09-19 19:12:01,709]-[WareHelper.py]-[line:6]-[process_request]-[INFO]: [localhost]-[/favicon.ico]-[GET]
[2018-09-19 19:12:01,716]-[WareHelper.py]-[line:15]-[process_response]-[INFO]: [localhost]-[/favicon.ico]-[404]
[2018-09-19 19:12:02,372]-[WareHelper.py]-[line:6]-[process_request]-[INFO]: [localhost]-[/shop/login]-[GET]
[2018-09-19 19:12:02,380]-[WareHelper.py]-[line:15]-[process_response]-[INFO]: [localhost]-[/shop/login]-[404]
[2018-09-19 19:12:02,409]-[WareHelper.py]-[line:6]-[process_request]-[INFO]: [localhost]-[/favicon.ico]-[GET]
[2018-09-19 19:12:02,416]-[WareHelper.py]-[line:15]-[process_response]-[INFO]: [localhost]-[/favicon.ico]-[404]
[2018-09-19 19:12:02,916]-[WareHelper.py]-[line:6]-[process_request]-[INFO]: [localhost]-[/shop/login]-[GET]
[2018-09-19 19:12:02,926]-[WareHelper.py]-[line:15]-[process_response]-[INFO]: [localhost]-[/shop/login]-[404]
[2018-09-19 19:12:02,983]-[WareHelper.py]-[line:6]-[process_request]-[INFO]: [localhost]-[/favicon.ico]-[GET]
[2018-09-19 19:12:02,990]-[WareHelper.py]-[line:15]-[process_response]-[INFO]: [localhost]-[/favicon.ico]-[404]
[2018-09-19 19:12:09,694]-[WareHelper.py]-[line:6]-[process_request]-[INFO]: [localhost]-[/login.html]-[GET]
[2018-09-19 19:12:09,701]-[WareHelper.py]-[line:15]-[process_response]-[INFO]: [localhost]-[/login.html]-[404]
[2018-09-19 19:12:09,740]-[WareHelper.py]-[line:6]-[process_request]-[INFO]: [localhost]-[/favicon.ico]-[GET]
[2018-09-19 19:12:09,746]-[WareHelper.py]-[line:15]-[process_response]-[INFO]: [localhost]-[/favicon.ico]-[404]
[2018-09-19 19:12:43,035]-[urls.py]-[line:33]-[<module>]-[WARNING]: [include failed]-[corsheaders.views]-[No module named 'corsheaders.views']
[2018-09-19 19:12:43,035]-[urls.py]-[line:33]-[<module>]-[WARNING]: [include failed]-[CacheHelper.views]-[No module named 'CacheHelper']
[2018-09-19 19:12:45,701]-[WareHelper.py]-[line:6]-[process_request]-[INFO]: [localhost]-[/login.html]-[GET]
[2018-09-19 19:12:45,712]-[WareHelper.py]-[line:15]-[process_response]-[INFO]: [localhost]-[/login.html]-[404]
[2018-09-19 19:12:45,753]-[WareHelper.py]-[line:6]-[process_request]-[INFO]: [localhost]-[/favicon.ico]-[GET]
[2018-09-19 19:12:45,759]-[WareHelper.py]-[line:15]-[process_response]-[INFO]: [localhost]-[/favicon.ico]-[404]
[2018-09-19 19:12:46,432]-[WareHelper.py]-[line:6]-[process_request]-[INFO]: [localhost]-[/login.html]-[GET]
[2018-09-19 19:12:46,445]-[WareHelper.py]-[line:15]-[process_response]-[INFO]: [localhost]-[/login.html]-[404]
[2018-09-19 19:12:46,485]-[WareHelper.py]-[line:6]-[process_request]-[INFO]: [localhost]-[/favicon.ico]-[GET]
[2018-09-19 19:12:46,492]-[WareHelper.py]-[line:15]-[process_response]-[INFO]: [localhost]-[/favicon.ico]-[404]
[2018-09-19 19:12:50,431]-[WareHelper.py]-[line:6]-[process_request]-[INFO]: [localhost]-[/shop/login]-[GET]
[2018-09-19 19:12:50,440]-[WareHelper.py]-[line:15]-[process_response]-[INFO]: [localhost]-[/shop/login]-[404]
[2018-09-19 19:12:50,478]-[WareHelper.py]-[line:6]-[process_request]-[INFO]: [localhost]-[/favicon.ico]-[GET]
[2018-09-19 19:12:50,483]-[WareHelper.py]-[line:15]-[process_response]-[INFO]: [localhost]-[/favicon.ico]-[404]
[2018-09-19 19:12:54,071]-[WareHelper.py]-[line:6]-[process_request]-[INFO]: [localhost]-[/shop/login.html]-[GET]
[2018-09-19 19:12:54,080]-[WareHelper.py]-[line:15]-[process_response]-[INFO]: [localhost]-[/shop/login.html]-[404]
[2018-09-19 19:12:54,121]-[WareHelper.py]-[line:6]-[process_request]-[INFO]: [localhost]-[/favicon.ico]-[GET]
[2018-09-19 19:12:54,127]-[WareHelper.py]-[line:15]-[process_response]-[INFO]: [localhost]-[/favicon.ico]-[404]
[2018-09-19 19:12:56,723]-[WareHelper.py]-[line:6]-[process_request]-[INFO]: [localhost]-[/login.html]-[GET]
[2018-09-19 19:12:56,734]-[WareHelper.py]-[line:15]-[process_response]-[INFO]: [localhost]-[/login.html]-[404]
[2018-09-19 19:12:56,774]-[WareHelper.py]-[line:6]-[process_request]-[INFO]: [localhost]-[/favicon.ico]-[GET]
[2018-09-19 19:12:56,781]-[WareHelper.py]-[line:15]-[process_response]-[INFO]: [localhost]-[/favicon.ico]-[404]
