[2018-09-19 19:28:39,009]-[urls.py]-[line:33]-[<module>]-[WARNING]: [include failed]-[corsheaders.views]-[No module named 'corsheaders.views']
[2018-09-19 19:28:39,010]-[urls.py]-[line:33]-[<module>]-[WARNING]: [include failed]-[CacheHelper.views]-[No module named 'CacheHelper']
[2018-09-19 19:28:40,448]-[WareHelper.py]-[line:6]-[process_request]-[INFO]: [localhost]-[/favicon.ico]-[GET]
[2018-09-19 19:28:40,455]-[WareHelper.py]-[line:15]-[process_response]-[INFO]: [localhost]-[/favicon.ico]-[404]
[2018-09-19 19:28:40,851]-[WareHelper.py]-[line:6]-[process_request]-[INFO]: [localhost]-[/shop/login]-[GET]
[2018-09-19 19:28:40,865]-[WareHelper.py]-[line:15]-[process_response]-[INFO]: [localhost]-[/shop/login]-[200]
[2018-09-19 19:28:40,924]-[WareHelper.py]-[line:6]-[process_request]-[INFO]: [localhost]-[/favicon.ico]-[GET]
[2018-09-19 19:28:40,931]-[WareHelper.py]-[line:15]-[process_response]-[INFO]: [localhost]-[/favicon.ico]-[404]
[2018-09-19 19:28:42,073]-[WareHelper.py]-[line:6]-[process_request]-[INFO]: [localhost]-[/shop/LoginSystem?username=&password=]-[GET]
[2018-09-19 19:28:42,078]-[WareHelper.py]-[line:15]-[process_response]-[INFO]: [localhost]-[/shop/LoginSystem]-[200]
[2018-09-19 19:28:42,131]-[WareHelper.py]-[line:6]-[process_request]-[INFO]: [localhost]-[/favicon.ico]-[GET]
[2018-09-19 19:28:42,137]-[WareHelper.py]-[line:15]-[process_response]-[INFO]: [localhost]-[/favicon.ico]-[404]
[2018-09-19 19:28:42,500]-[WareHelper.py]-[line:6]-[process_request]-[INFO]: [localhost]-[/shop/LoginSystem?username=&password=]-[GET]
[2018-09-19 19:28:42,503]-[WareHelper.py]-[line:15]-[process_response]-[INFO]: [localhost]-[/shop/LoginSystem]-[200]
[2018-09-19 19:28:42,561]-[WareHelper.py]-[line:6]-[process_request]-[INFO]: [localhost]-[/favicon.ico]-[GET]
[2018-09-19 19:28:42,568]-[WareHelper.py]-[line:15]-[process_response]-[INFO]: [localhost]-[/favicon.ico]-[404]
[2018-09-19 19:28:44,657]-[WareHelper.py]-[line:6]-[process_request]-[INFO]: [localhost]-[/shop/LoginSystem?username=asd&password=asda]-[GET]
[2018-09-19 19:28:44,668]-[WareHelper.py]-[line:15]-[process_response]-[INFO]: [localhost]-[/shop/LoginSystem]-[200]
[2018-09-19 19:28:44,723]-[WareHelper.py]-[line:6]-[process_request]-[INFO]: [localhost]-[/favicon.ico]-[GET]
[2018-09-19 19:28:44,729]-[WareHelper.py]-[line:15]-[process_response]-[INFO]: [localhost]-[/favicon.ico]-[404]
[2018-09-19 19:28:46,677]-[WareHelper.py]-[line:6]-[process_request]-[INFO]: [localhost]-[/shop/LoginSystem?username=sell&password=]-[GET]
[2018-09-19 19:28:46,686]-[WareHelper.py]-[line:15]-[process_response]-[INFO]: [localhost]-[/shop/LoginSystem]-[200]
[2018-09-19 19:28:46,731]-[WareHelper.py]-[line:6]-[process_request]-[INFO]: [localhost]-[/favicon.ico]-[GET]
[2018-09-19 19:28:46,737]-[WareHelper.py]-[line:15]-[process_response]-[INFO]: [localhost]-[/favicon.ico]-[404]
[2018-09-19 19:28:48,413]-[WareHelper.py]-[line:6]-[process_request]-[INFO]: [localhost]-[/favicon.ico]-[GET]
[2018-09-19 19:28:48,419]-[WareHelper.py]-[line:15]-[process_response]-[INFO]: [localhost]-[/favicon.ico]-[404]
[2018-09-19 19:28:51,091]-[WareHelper.py]-[line:6]-[process_request]-[INFO]: [localhost]-[/shop/LoginSystem?username=sadasdsell&password=]-[GET]
[2018-09-19 19:28:51,097]-[WareHelper.py]-[line:15]-[process_response]-[INFO]: [localhost]-[/shop/LoginSystem]-[200]
[2018-09-19 19:28:51,136]-[WareHelper.py]-[line:6]-[process_request]-[INFO]: [localhost]-[/favicon.ico]-[GET]
[2018-09-19 19:28:51,142]-[WareHelper.py]-[line:15]-[process_response]-[INFO]: [localhost]-[/favicon.ico]-[404]
[2018-09-19 19:28:52,347]-[WareHelper.py]-[line:6]-[process_request]-[INFO]: [localhost]-[/favicon.ico]-[GET]
[2018-09-19 19:28:52,353]-[WareHelper.py]-[line:15]-[process_response]-[INFO]: [localhost]-[/favicon.ico]-[404]
[2018-09-19 19:28:54,313]-[WareHelper.py]-[line:6]-[process_request]-[INFO]: [localhost]-[/shop/LoginSystem?username=busadasdbuy&password=]-[GET]
[2018-09-19 19:28:54,316]-[WareHelper.py]-[line:15]-[process_response]-[INFO]: [localhost]-[/shop/LoginSystem]-[200]
[2018-09-19 19:28:54,353]-[WareHelper.py]-[line:6]-[process_request]-[INFO]: [localhost]-[/favicon.ico]-[GET]
[2018-09-19 19:28:54,359]-[WareHelper.py]-[line:15]-[process_response]-[INFO]: [localhost]-[/favicon.ico]-[404]
[2018-09-19 19:28:55,452]-[WareHelper.py]-[line:6]-[process_request]-[INFO]: [localhost]-[/favicon.ico]-[GET]
[2018-09-19 19:28:55,458]-[WareHelper.py]-[line:15]-[process_response]-[INFO]: [localhost]-[/favicon.ico]-[404]
