[2018-12-10 23:52:36,793]-[urls.py]-[line:33]-[<module>]-[WARNING]: [include failed]-[corsheaders.views]-[No module named 'corsheaders.views']
[2018-12-10 23:52:36,794]-[urls.py]-[line:33]-[<module>]-[WARNING]: [include failed]-[CacheHelper.views]-[No module named 'CacheHelper']
[2018-12-10 23:52:41,654]-[WareHelper.py]-[line:6]-[process_request]-[INFO]: [localhost]-[/]-[GET]
[2018-12-10 23:52:41,675]-[WareHelper.py]-[line:15]-[process_response]-[INFO]: [localhost]-[/]-[404]
[2018-12-10 23:52:41,838]-[WareHelper.py]-[line:6]-[process_request]-[INFO]: [localhost]-[/favicon.ico]-[GET]
[2018-12-10 23:52:41,852]-[WareHelper.py]-[line:15]-[process_response]-[INFO]: [localhost]-[/favicon.ico]-[404]
[2018-12-10 23:53:48,703]-[WareHelper.py]-[line:6]-[process_request]-[INFO]: [localhost]-[/user]-[GET]
[2018-12-10 23:53:48,710]-[WareHelper.py]-[line:15]-[process_response]-[INFO]: [localhost]-[/user]-[404]
[2018-12-10 23:53:48,802]-[WareHelper.py]-[line:6]-[process_request]-[INFO]: [localhost]-[/favicon.ico]-[GET]
[2018-12-10 23:53:48,812]-[WareHelper.py]-[line:15]-[process_response]-[INFO]: [localhost]-[/favicon.ico]-[404]
[2018-12-10 23:54:36,680]-[WareHelper.py]-[line:6]-[process_request]-[INFO]: [localhost]-[/QueryGoodsList]-[GET]
[2018-12-10 23:54:36,691]-[WareHelper.py]-[line:15]-[process_response]-[INFO]: [localhost]-[/QueryGoodsList]-[404]
[2018-12-10 23:54:36,781]-[WareHelper.py]-[line:6]-[process_request]-[INFO]: [localhost]-[/favicon.ico]-[GET]
[2018-12-10 23:54:36,788]-[WareHelper.py]-[line:15]-[process_response]-[INFO]: [localhost]-[/favicon.ico]-[404]
[2018-12-10 23:54:40,767]-[WareHelper.py]-[line:6]-[process_request]-[INFO]: [localhost]-[/index/]-[GET]
[2018-12-10 23:54:40,791]-[WareHelper.py]-[line:15]-[process_response]-[INFO]: [localhost]-[/index/]-[200]
[2018-12-10 23:54:40,853]-[WareHelper.py]-[line:6]-[process_request]-[INFO]: [localhost]-[/favicon.ico]-[GET]
[2018-12-10 23:54:40,861]-[WareHelper.py]-[line:15]-[process_response]-[INFO]: [localhost]-[/favicon.ico]-[404]
[2018-12-10 23:54:46,800]-[WareHelper.py]-[line:6]-[process_request]-[INFO]: [localhost]-[/souzr/sou]-[GET]
[2018-12-10 23:54:46,810]-[WareHelper.py]-[line:15]-[process_response]-[INFO]: [localhost]-[/souzr/sou]-[200]
[2018-12-10 23:54:46,994]-[WareHelper.py]-[line:6]-[process_request]-[INFO]: [localhost]-[/favicon.ico]-[GET]
[2018-12-10 23:54:47,000]-[WareHelper.py]-[line:15]-[process_response]-[INFO]: [localhost]-[/favicon.ico]-[404]
