[2018-09-20 21:44:27,495]-[urls.py]-[line:33]-[<module>]-[WARNING]: [include failed]-[corsheaders.views]-[No module named 'corsheaders.views']
[2018-09-20 21:44:27,496]-[urls.py]-[line:33]-[<module>]-[WARNING]: [include failed]-[CacheHelper.views]-[No module named 'CacheHelper']
[2018-09-20 21:44:32,059]-[WareHelper.py]-[line:6]-[process_request]-[INFO]: [localhost]-[/shop/LoginSystem?username=sell1&password=]-[GET]
[2018-09-20 21:44:32,095]-[WareHelper.py]-[line:15]-[process_response]-[INFO]: [localhost]-[/shop/LoginSystem]-[200]
[2018-09-20 21:44:32,216]-[WareHelper.py]-[line:6]-[process_request]-[INFO]: [localhost]-[/favicon.ico]-[GET]
[2018-09-20 21:44:32,224]-[WareHelper.py]-[line:15]-[process_response]-[INFO]: [localhost]-[/favicon.ico]-[404]
[2018-09-20 21:44:32,365]-[WareHelper.py]-[line:6]-[process_request]-[INFO]: [localhost]-[/shop/QueryGoodsList]-[GET]
[2018-09-20 21:44:35,383]-[WareHelper.py]-[line:12]-[process_exception]-[ERROR]: [localhost]-[/shop/QueryGoodsList]-['ShopController' object has no attribute '_ShopController__job_list']
[2018-09-20 21:44:35,440]-[WareHelper.py]-[line:15]-[process_response]-[INFO]: [localhost]-[/shop/QueryGoodsList]-[500]
[2018-09-20 21:44:56,264]-[urls.py]-[line:33]-[<module>]-[WARNING]: [include failed]-[corsheaders.views]-[No module named 'corsheaders.views']
[2018-09-20 21:44:56,265]-[urls.py]-[line:33]-[<module>]-[WARNING]: [include failed]-[CacheHelper.views]-[No module named 'CacheHelper']
[2018-09-20 21:44:56,768]-[WareHelper.py]-[line:6]-[process_request]-[INFO]: [localhost]-[/shop/LoginSystem?username=sell1&password=]-[GET]
[2018-09-20 21:44:56,783]-[WareHelper.py]-[line:15]-[process_response]-[INFO]: [localhost]-[/shop/LoginSystem]-[200]
[2018-09-20 21:44:57,087]-[WareHelper.py]-[line:6]-[process_request]-[INFO]: [localhost]-[/shop/QueryGoodsList]-[GET]
[2018-09-20 21:45:02,951]-[WareHelper.py]-[line:12]-[process_exception]-[ERROR]: [localhost]-[/shop/QueryGoodsList]-[name 'json' is not defined]
[2018-09-20 21:45:03,029]-[WareHelper.py]-[line:15]-[process_response]-[INFO]: [localhost]-[/shop/QueryGoodsList]-[500]
[2018-09-20 21:45:03,034]-[WareHelper.py]-[line:6]-[process_request]-[INFO]: [localhost]-[/favicon.ico]-[GET]
[2018-09-20 21:45:03,040]-[WareHelper.py]-[line:15]-[process_response]-[INFO]: [localhost]-[/favicon.ico]-[404]
[2018-09-20 21:55:24,976]-[WareHelper.py]-[line:6]-[process_request]-[INFO]: [localhost]-[/shop/LoginSystem?username=sell1&password=]-[GET]
[2018-09-20 21:55:24,993]-[WareHelper.py]-[line:15]-[process_response]-[INFO]: [localhost]-[/shop/LoginSystem]-[200]
[2018-09-20 21:55:25,122]-[WareHelper.py]-[line:6]-[process_request]-[INFO]: [localhost]-[/favicon.ico]-[GET]
[2018-09-20 21:55:25,130]-[WareHelper.py]-[line:15]-[process_response]-[INFO]: [localhost]-[/favicon.ico]-[404]
[2018-09-20 21:55:25,289]-[WareHelper.py]-[line:6]-[process_request]-[INFO]: [localhost]-[/shop/QueryGoodsList]-[GET]
[2018-09-20 21:55:47,898]-[WareHelper.py]-[line:12]-[process_exception]-[ERROR]: [localhost]-[/shop/QueryGoodsList]-[name 'json' is not defined]
[2018-09-20 21:55:47,963]-[WareHelper.py]-[line:15]-[process_response]-[INFO]: [localhost]-[/shop/QueryGoodsList]-[500]
